<?xml version="1.0" encoding="UTF-8" ?>
<testsuites>
  <testsuite failures="0" hostname="CFCS-6490DBB-LX" id="0" name="Test Project 1/tests" package="" skipped="0" tests="1" time="131.109" timestamp="Tue Jun 11 23:58:03 CST 2019">
	    <properties>
		      <property name="excludeCallableTestCases" value="true" />

		      <property name="testEnvironment" value="" />

		      <property name="pluginOutputLevel" value="WARNING" />

		      <property name="projectPath" value=".." />

		      <property name="salesforceMetadataCache" value="Reuse" />

		      <property name="resultsPathDisposition" value="Replace" />

		      <property name="testOutputLevel" value="WARNING" />

		      <property name="webBrowserType" value="Google Chrome" />

		      <property name="resultsPath" value="../ANT/Results" />

		      <property name="webBrowserConfiguration" value="Full Screen" />

		      <property name="projectCachePath" value="C:\Users\francis.l.m.reyes\GitHub\Test Project 1\Test Project 1\ANT\..\..\.provarCaches" />

	    </properties>

	    <testcase classname="tests/Create Opportunity (variable).testcase" name="Create Opportunity (variable).testcase" time="126.344">
	</testcase>

  </testsuite>
</testsuites>
